2024-08-09 00:49:55  ERROR --- [com.team5.hospital_here.common.exception.GlobalExceptionHandler]: ### ERROR!! code: 400, code name: USER_NOT_FOUND, code message: 사용자를 찾을 수 없음
2024-08-09 00:50:18  ERROR --- [com.team5.hospital_here.common.exception.GlobalExceptionHandler]: ### ERROR!! code: 400, code name: USER_NOT_FOUND, code message: 사용자를 찾을 수 없음
2024-08-09 00:50:19  ERROR --- [com.team5.hospital_here.common.exception.GlobalExceptionHandler]: ### ERROR!! code: 400, code name: USER_NOT_FOUND, code message: 사용자를 찾을 수 없음
2024-08-09 00:57:45  ERROR --- [com.team5.hospital_here.common.exception.GlobalExceptionHandler]: ### ERROR!! code: 403, code name: POST_UPDATE_DENIED, code message: 게시글을 수정할 수 없습니다.
2024-08-09 00:57:51  ERROR --- [com.team5.hospital_here.common.exception.GlobalExceptionHandler]: ### ERROR!! code: 403, code name: POST_DELETE_DENIED, code message: 게시글을 삭제할 수 없습니다.
2024-08-09 01:04:09  ERROR --- [com.team5.hospital_here.common.exception.GlobalExceptionHandler]: ### ERROR!! code: 401, code name: INVALID_REFRESH_TOKEN, code message: 토큰 정보가 일치하지 않습니다.
2024-08-09 01:04:14  ERROR --- [com.team5.hospital_here.common.exception.GlobalExceptionHandler]: ### ERROR!! code: 401, code name: INVALID_REFRESH_TOKEN, code message: 토큰 정보가 일치하지 않습니다.
2024-08-09 01:04:36  ERROR --- [com.team5.hospital_here.common.exception.GlobalExceptionHandler]: ### ERROR!! code: 401, code name: INVALID_REFRESH_TOKEN, code message: 토큰 정보가 일치하지 않습니다.
2024-08-09 01:04:44  ERROR --- [com.team5.hospital_here.common.exception.GlobalExceptionHandler]: ### ERROR!! code: 401, code name: INVALID_REFRESH_TOKEN, code message: 토큰 정보가 일치하지 않습니다.
2024-08-09 01:04:52  ERROR --- [com.team5.hospital_here.common.exception.GlobalExceptionHandler]: ### ERROR!! code: 401, code name: INVALID_REFRESH_TOKEN, code message: 토큰 정보가 일치하지 않습니다.
2024-08-09 01:05:13  ERROR --- [com.team5.hospital_here.common.exception.GlobalExceptionHandler]: ### ERROR!! code: 401, code name: INVALID_REFRESH_TOKEN, code message: 토큰 정보가 일치하지 않습니다.
2024-08-09 01:05:25  ERROR --- [com.team5.hospital_here.common.exception.GlobalExceptionHandler]: ### ERROR!! code: 401, code name: INVALID_REFRESH_TOKEN, code message: 토큰 정보가 일치하지 않습니다.
2024-08-09 01:05:27  ERROR --- [com.team5.hospital_here.common.exception.GlobalExceptionHandler]: ### ERROR!! code: 401, code name: INVALID_REFRESH_TOKEN, code message: 토큰 정보가 일치하지 않습니다.
2024-08-09 01:05:32  ERROR --- [com.team5.hospital_here.common.exception.GlobalExceptionHandler]: ### ERROR!! code: 401, code name: INVALID_REFRESH_TOKEN, code message: 토큰 정보가 일치하지 않습니다.
2024-08-09 01:05:33  ERROR --- [com.team5.hospital_here.common.exception.GlobalExceptionHandler]: ### ERROR!! code: 401, code name: INVALID_REFRESH_TOKEN, code message: 토큰 정보가 일치하지 않습니다.
2024-08-09 01:05:34  ERROR --- [com.team5.hospital_here.common.exception.GlobalExceptionHandler]: ### ERROR!! code: 401, code name: INVALID_REFRESH_TOKEN, code message: 토큰 정보가 일치하지 않습니다.
2024-08-09 01:05:36  ERROR --- [com.team5.hospital_here.common.exception.GlobalExceptionHandler]: ### ERROR!! code: 401, code name: INVALID_REFRESH_TOKEN, code message: 토큰 정보가 일치하지 않습니다.
2024-08-09 01:05:37  ERROR --- [com.team5.hospital_here.common.exception.GlobalExceptionHandler]: ### ERROR!! code: 401, code name: INVALID_REFRESH_TOKEN, code message: 토큰 정보가 일치하지 않습니다.
2024-08-09 01:05:39  ERROR --- [com.team5.hospital_here.common.exception.GlobalExceptionHandler]: ### ERROR!! code: 401, code name: INVALID_REFRESH_TOKEN, code message: 토큰 정보가 일치하지 않습니다.
2024-08-09 01:05:41  ERROR --- [com.team5.hospital_here.common.exception.GlobalExceptionHandler]: ### ERROR!! code: 401, code name: INVALID_REFRESH_TOKEN, code message: 토큰 정보가 일치하지 않습니다.
2024-08-09 01:05:44  ERROR --- [com.team5.hospital_here.common.exception.GlobalExceptionHandler]: ### ERROR!! code: 401, code name: INVALID_REFRESH_TOKEN, code message: 토큰 정보가 일치하지 않습니다.
2024-08-09 01:05:51  ERROR --- [com.team5.hospital_here.common.exception.GlobalExceptionHandler]: ### ERROR!! code: 401, code name: INVALID_REFRESH_TOKEN, code message: 토큰 정보가 일치하지 않습니다.
2024-08-09 01:06:03  ERROR --- [com.team5.hospital_here.common.exception.GlobalExceptionHandler]: ### ERROR!! code: 403, code name: POST_DELETE_DENIED, code message: 게시글을 삭제할 수 없습니다.
2024-08-09 01:06:25  ERROR --- [com.team5.hospital_here.common.exception.GlobalExceptionHandler]: ### ERROR!! code: 403, code name: POST_DELETE_DENIED, code message: 게시글을 삭제할 수 없습니다.
2024-08-09 01:06:52  ERROR --- [com.team5.hospital_here.common.exception.GlobalExceptionHandler]: ### ERROR!! code: 403, code name: POST_DELETE_DENIED, code message: 게시글을 삭제할 수 없습니다.
2024-08-09 01:08:43  ERROR --- [com.team5.hospital_here.common.exception.GlobalExceptionHandler]: ### ERROR!! code: 403, code name: POST_DELETE_DENIED, code message: 게시글을 삭제할 수 없습니다.
2024-08-09 01:10:03  ERROR --- [com.team5.hospital_here.common.exception.GlobalExceptionHandler]: ### ERROR!! code: 403, code name: POST_UPDATE_DENIED, code message: 게시글을 수정할 수 없습니다.
2024-08-09 01:13:17  ERROR --- [com.team5.hospital_here.common.exception.GlobalExceptionHandler]: ### ERROR!! code: 400, code name: USER_NOT_FOUND, code message: 사용자를 찾을 수 없음
2024-08-09 01:13:35  ERROR --- [com.team5.hospital_here.common.exception.GlobalExceptionHandler]: ### ERROR!! code: 403, code name: POST_DELETE_DENIED, code message: 게시글을 삭제할 수 없습니다.
2024-08-09 01:14:31  ERROR --- [com.team5.hospital_here.common.exception.GlobalExceptionHandler]: ### ERROR!! code: 403, code name: POST_UPDATE_DENIED, code message: 게시글을 수정할 수 없습니다.
2024-08-09 01:16:48  ERROR --- [com.team5.hospital_here.common.exception.GlobalExceptionHandler]: ### ERROR!! code: 403, code name: POST_DELETE_DENIED, code message: 게시글을 삭제할 수 없습니다.
2024-08-09 01:20:03  ERROR --- [com.team5.hospital_here.common.exception.GlobalExceptionHandler]: ### ERROR!! code: 403, code name: POST_DELETE_DENIED, code message: 게시글을 삭제할 수 없습니다.
2024-08-09 01:20:08  ERROR --- [com.team5.hospital_here.common.exception.GlobalExceptionHandler]: ### ERROR!! code: 403, code name: POST_UPDATE_DENIED, code message: 게시글을 수정할 수 없습니다.
2024-08-09 01:20:17  ERROR --- [com.team5.hospital_here.common.exception.GlobalExceptionHandler]: ### ERROR!! code: 403, code name: POST_DELETE_DENIED, code message: 게시글을 삭제할 수 없습니다.
2024-08-09 01:21:01  ERROR --- [com.team5.hospital_here.common.exception.GlobalExceptionHandler]: ### ERROR!! code: 403, code name: POST_UPDATE_DENIED, code message: 게시글을 수정할 수 없습니다.
2024-08-09 01:24:06  ERROR --- [com.team5.hospital_here.common.exception.GlobalExceptionHandler]: ### ERROR!! code: 403, code name: POST_UPDATE_DENIED, code message: 게시글을 수정할 수 없습니다.
2024-08-09 01:24:12  ERROR --- [com.team5.hospital_here.common.exception.GlobalExceptionHandler]: ### ERROR!! code: 403, code name: POST_DELETE_DENIED, code message: 게시글을 삭제할 수 없습니다.
2024-08-09 01:24:22  ERROR --- [com.team5.hospital_here.common.exception.GlobalExceptionHandler]: ### ERROR!! code: 403, code name: POST_UPDATE_DENIED, code message: 게시글을 수정할 수 없습니다.
2024-08-09 01:43:37  ERROR --- [com.team5.hospital_here.common.exception.GlobalExceptionHandler]: ### ERROR!! code: 403, code name: POST_DELETE_DENIED, code message: 게시글을 삭제할 수 없습니다.
2024-08-09 01:43:41  ERROR --- [com.team5.hospital_here.common.exception.GlobalExceptionHandler]: ### ERROR!! code: 403, code name: POST_UPDATE_DENIED, code message: 게시글을 수정할 수 없습니다.
2024-08-09 01:43:59  ERROR --- [com.team5.hospital_here.common.exception.GlobalExceptionHandler]: ### ERROR!! code: 403, code name: POST_DELETE_DENIED, code message: 게시글을 삭제할 수 없습니다.
2024-08-09 01:46:15  ERROR --- [com.team5.hospital_here.common.exception.GlobalExceptionHandler]: ### ERROR!! code: 403, code name: COMMENT_DELETE_DENIED, code message: 댓글을 삭제할 수 없습니다.
2024-08-09 01:46:44  ERROR --- [com.team5.hospital_here.common.exception.GlobalExceptionHandler]: ### ERROR!! code: 403, code name: COMMENT_DELETE_DENIED, code message: 댓글을 삭제할 수 없습니다.
2024-08-09 16:22:09  ERROR --- [org.springframework.boot.SpringApplication]: Application run failed
org.springframework.context.ApplicationContextException: Unable to start web server
	at org.springframework.boot.web.servlet.context.ServletWebServerApplicationContext.onRefresh(ServletWebServerApplicationContext.java:165)
	at org.springframework.context.support.AbstractApplicationContext.refresh(AbstractApplicationContext.java:619)
	at org.springframework.boot.web.servlet.context.ServletWebServerApplicationContext.refresh(ServletWebServerApplicationContext.java:146)
	at org.springframework.boot.SpringApplication.refresh(SpringApplication.java:754)
	at org.springframework.boot.SpringApplication.refreshContext(SpringApplication.java:456)
	at org.springframework.boot.SpringApplication.run(SpringApplication.java:335)
	at org.springframework.boot.SpringApplication.run(SpringApplication.java:1363)
	at org.springframework.boot.SpringApplication.run(SpringApplication.java:1352)
	at com.team5.hospital_here.HospitalHereApplication.main(HospitalHereApplication.java:20)
Caused by: java.lang.IllegalStateException: Unable to create key store: Could not load store from '${SSL_FILE_PATH}'
	at org.springframework.boot.ssl.jks.JksSslStoreBundle.createKeyStore(JksSslStoreBundle.java:94)
	at org.springframework.boot.ssl.jks.JksSslStoreBundle.<init>(JksSslStoreBundle.java:57)
	at org.springframework.boot.web.server.WebServerSslBundle.createJksKeyStoreBundle(WebServerSslBundle.java:80)
	at org.springframework.boot.web.server.WebServerSslBundle.createKeyStore(WebServerSslBundle.java:157)
	at org.springframework.boot.web.server.WebServerSslBundle.createStoreBundle(WebServerSslBundle.java:147)
	at org.springframework.boot.web.server.WebServerSslBundle.get(WebServerSslBundle.java:142)
	at org.springframework.boot.web.server.AbstractConfigurableWebServerFactory.getSslBundle(AbstractConfigurableWebServerFactory.java:198)
	at org.springframework.boot.web.embedded.tomcat.TomcatServletWebServerFactory.customizeSsl(TomcatServletWebServerFactory.java:383)
	at org.springframework.boot.web.embedded.tomcat.TomcatServletWebServerFactory.customizeConnector(TomcatServletWebServerFactory.java:359)
	at org.springframework.boot.web.embedded.tomcat.TomcatServletWebServerFactory.getWebServer(TomcatServletWebServerFactory.java:212)
	at org.springframework.boot.web.servlet.context.ServletWebServerApplicationContext.createWebServer(ServletWebServerApplicationContext.java:188)
	at org.springframework.boot.web.servlet.context.ServletWebServerApplicationContext.onRefresh(ServletWebServerApplicationContext.java:162)
	... 8 common frames omitted
Caused by: java.lang.IllegalStateException: Could not load store from '${SSL_FILE_PATH}'
	at org.springframework.boot.ssl.jks.JksSslStoreBundle.loadKeyStore(JksSslStoreBundle.java:123)
	at org.springframework.boot.ssl.jks.JksSslStoreBundle.createKeyStore(JksSslStoreBundle.java:89)
	... 19 common frames omitted
Caused by: java.io.FileNotFoundException: ${SSL_FILE_PATH}
	at org.springframework.core.io.FileSystemResource.getInputStream(FileSystemResource.java:196)
	at org.springframework.boot.ssl.jks.JksSslStoreBundle.loadKeyStore(JksSslStoreBundle.java:118)
	... 20 common frames omitted
2024-08-09 16:27:59  ERROR --- [com.team5.hospital_here.common.exception.GlobalExceptionHandler]: ### ERROR!! code: 403, code name: COMMENT_DELETE_DENIED, code message: 댓글을 삭제할 수 없습니다.
2024-08-09 16:28:06  ERROR --- [com.team5.hospital_here.common.exception.GlobalExceptionHandler]: ### ERROR!! code: 403, code name: COMMENT_DELETE_DENIED, code message: 댓글을 삭제할 수 없습니다.
2024-08-09 16:28:08  ERROR --- [com.team5.hospital_here.common.exception.GlobalExceptionHandler]: ### ERROR!! code: 403, code name: COMMENT_DELETE_DENIED, code message: 댓글을 삭제할 수 없습니다.
2024-08-09 16:28:10  ERROR --- [com.team5.hospital_here.common.exception.GlobalExceptionHandler]: ### ERROR!! code: 403, code name: COMMENT_DELETE_DENIED, code message: 댓글을 삭제할 수 없습니다.
2024-08-09 16:28:20  ERROR --- [com.team5.hospital_here.common.exception.GlobalExceptionHandler]: ### ERROR!! code: 403, code name: COMMENT_UPDATE_DENIED, code message: 댓글을 수정할 수 없습니다.
2024-08-09 16:29:09  ERROR --- [com.team5.hospital_here.common.exception.GlobalExceptionHandler]: ### ERROR!! code: 403, code name: COMMENT_DELETE_DENIED, code message: 댓글을 삭제할 수 없습니다.
2024-08-09 16:31:19  ERROR --- [com.team5.hospital_here.common.exception.GlobalExceptionHandler]: ### ERROR!! code: 403, code name: COMMENT_DELETE_DENIED, code message: 댓글을 삭제할 수 없습니다.
2024-08-09 16:31:41  ERROR --- [com.team5.hospital_here.common.exception.GlobalExceptionHandler]: ### ERROR!! code: 403, code name: COMMENT_DELETE_DENIED, code message: 댓글을 삭제할 수 없습니다.
2024-08-09 16:31:45  ERROR --- [com.team5.hospital_here.common.exception.GlobalExceptionHandler]: ### ERROR!! code: 403, code name: COMMENT_DELETE_DENIED, code message: 댓글을 삭제할 수 없습니다.
2024-08-09 16:32:25  ERROR --- [com.team5.hospital_here.common.exception.GlobalExceptionHandler]: ### ERROR!! code: 403, code name: COMMENT_UPDATE_DENIED, code message: 댓글을 수정할 수 없습니다.
2024-08-09 16:32:55  ERROR --- [com.team5.hospital_here.common.exception.GlobalExceptionHandler]: ### ERROR!! code: 403, code name: COMMENT_UPDATE_DENIED, code message: 댓글을 수정할 수 없습니다.
2024-08-09 16:32:58  ERROR --- [com.team5.hospital_here.common.exception.GlobalExceptionHandler]: ### ERROR!! code: 403, code name: COMMENT_DELETE_DENIED, code message: 댓글을 삭제할 수 없습니다.
2024-08-09 16:33:02  ERROR --- [com.team5.hospital_here.common.exception.GlobalExceptionHandler]: ### ERROR!! code: 403, code name: POST_DELETE_DENIED, code message: 게시글을 삭제할 수 없습니다.
2024-08-09 16:33:40  ERROR --- [com.team5.hospital_here.common.exception.GlobalExceptionHandler]: ### ERROR!! code: 403, code name: POST_DELETE_DENIED, code message: 게시글을 삭제할 수 없습니다.
2024-08-09 16:33:42  ERROR --- [com.team5.hospital_here.common.exception.GlobalExceptionHandler]: ### ERROR!! code: 403, code name: POST_DELETE_DENIED, code message: 게시글을 삭제할 수 없습니다.
2024-08-09 16:33:49  ERROR --- [com.team5.hospital_here.common.exception.GlobalExceptionHandler]: ### ERROR!! code: 403, code name: POST_DELETE_DENIED, code message: 게시글을 삭제할 수 없습니다.
2024-08-09 16:34:08  ERROR --- [com.team5.hospital_here.common.exception.GlobalExceptionHandler]: ### ERROR!! code: 403, code name: POST_UPDATE_DENIED, code message: 게시글을 수정할 수 없습니다.
2024-08-09 16:35:12  ERROR --- [com.team5.hospital_here.common.exception.GlobalExceptionHandler]: ### ERROR!! code: 403, code name: COMMENT_UPDATE_DENIED, code message: 댓글을 수정할 수 없습니다.
2024-08-09 16:35:14  ERROR --- [com.team5.hospital_here.common.exception.GlobalExceptionHandler]: ### ERROR!! code: 403, code name: COMMENT_DELETE_DENIED, code message: 댓글을 삭제할 수 없습니다.
2024-08-09 16:35:17  ERROR --- [com.team5.hospital_here.common.exception.GlobalExceptionHandler]: ### ERROR!! code: 403, code name: COMMENT_UPDATE_DENIED, code message: 댓글을 수정할 수 없습니다.
2024-08-09 16:35:18  ERROR --- [com.team5.hospital_here.common.exception.GlobalExceptionHandler]: ### ERROR!! code: 403, code name: COMMENT_DELETE_DENIED, code message: 댓글을 삭제할 수 없습니다.
2024-08-09 16:35:23  ERROR --- [com.team5.hospital_here.common.exception.GlobalExceptionHandler]: ### ERROR!! code: 403, code name: POST_DELETE_DENIED, code message: 게시글을 삭제할 수 없습니다.
2024-08-09 16:35:27  ERROR --- [com.team5.hospital_here.common.exception.GlobalExceptionHandler]: ### ERROR!! code: 403, code name: POST_UPDATE_DENIED, code message: 게시글을 수정할 수 없습니다.
2024-08-09 16:35:54  ERROR --- [com.team5.hospital_here.common.exception.GlobalExceptionHandler]: ### ERROR!! code: 403, code name: COMMENT_DELETE_DENIED, code message: 댓글을 삭제할 수 없습니다.
2024-08-09 16:35:57  ERROR --- [com.team5.hospital_here.common.exception.GlobalExceptionHandler]: ### ERROR!! code: 403, code name: COMMENT_UPDATE_DENIED, code message: 댓글을 수정할 수 없습니다.
2024-08-09 16:36:05  ERROR --- [com.team5.hospital_here.common.exception.GlobalExceptionHandler]: ### ERROR!! code: 403, code name: POST_DELETE_DENIED, code message: 게시글을 삭제할 수 없습니다.
2024-08-09 16:59:46  ERROR --- [com.team5.hospital_here.common.exception.GlobalExceptionHandler]: ### ERROR!! code: 400, code name: USER_NAME_ALREADY_EXISTS, code message: 이미 사용중인 이름 입니다.
2024-08-09 20:34:03  ERROR --- [com.team5.hospital_here.common.exception.GlobalExceptionHandler]: ### ERROR!! code: 403, code name: COMMENT_DELETE_DENIED, code message: 댓글을 삭제할 수 없습니다.
2024-08-09 20:34:50  ERROR --- [com.team5.hospital_here.common.exception.GlobalExceptionHandler]: ### ERROR!! code: 403, code name: COMMENT_DELETE_DENIED, code message: 댓글을 삭제할 수 없습니다.
2024-08-09 20:35:16  ERROR --- [com.team5.hospital_here.common.exception.GlobalExceptionHandler]: ### ERROR!! code: 403, code name: COMMENT_UPDATE_DENIED, code message: 댓글을 수정할 수 없습니다.
2024-08-09 20:35:36  ERROR --- [com.team5.hospital_here.common.exception.GlobalExceptionHandler]: ### ERROR!! code: 403, code name: COMMENT_DELETE_DENIED, code message: 댓글을 삭제할 수 없습니다.
2024-08-09 20:35:39  ERROR --- [com.team5.hospital_here.common.exception.GlobalExceptionHandler]: ### ERROR!! code: 403, code name: COMMENT_DELETE_DENIED, code message: 댓글을 삭제할 수 없습니다.
2024-08-09 20:36:00  ERROR --- [com.team5.hospital_here.common.exception.GlobalExceptionHandler]: ### ERROR!! code: 403, code name: POST_DELETE_DENIED, code message: 게시글을 삭제할 수 없습니다.
2024-08-09 20:36:25  ERROR --- [com.team5.hospital_here.common.exception.GlobalExceptionHandler]: ### ERROR!! code: 403, code name: POST_UPDATE_DENIED, code message: 게시글을 수정할 수 없습니다.
2024-08-09 20:44:47  ERROR --- [com.team5.hospital_here.common.exception.GlobalExceptionHandler]: ### ERROR!! code: 403, code name: POST_DELETE_DENIED, code message: 게시글을 삭제할 수 없습니다.
2024-08-09 20:44:52  ERROR --- [com.team5.hospital_here.common.exception.GlobalExceptionHandler]: ### ERROR!! code: 403, code name: COMMENT_UPDATE_DENIED, code message: 댓글을 수정할 수 없습니다.
2024-08-09 20:44:54  ERROR --- [com.team5.hospital_here.common.exception.GlobalExceptionHandler]: ### ERROR!! code: 403, code name: COMMENT_DELETE_DENIED, code message: 댓글을 삭제할 수 없습니다.
